2018-09-03 15:27:55,116 [Worker-7] INFO  o.e.m.c.i.l.LifecycleMappingFactory - Using org.eclipse.m2e.jdt.JarLifecycleMapping lifecycle mapping for MavenProject: com.w2a:DataDrivenFramework:0.0.1-SNAPSHOT @ D:\DataDrivenFramework\pom.xml.
2018-09-03 15:27:56,115 [Worker-7] INFO  o.e.m.c.i.e.AbstractTransferListenerAdapter - Downloaded https://repo.maven.apache.org/maven2/com/apple/AppleJavaExtensions/1.4/AppleJavaExtensions-1.4.pom
2018-09-03 15:27:58,893 [Worker-7] WARN  o.e.m.c.i.embedder.EclipseLogger - The POM for org.testng:testng:jar:5.14.3 is invalid, transitive dependencies (if any) will not be available, enable debug logging for more details
2018-09-03 15:27:58,925 [Worker-7] WARN  o.e.m.c.i.embedder.EclipseLogger - The POM for org.testng:testng:jar:5.14.4 is invalid, transitive dependencies (if any) will not be available, enable debug logging for more details
2018-09-03 15:27:58,971 [Worker-7] WARN  o.e.m.c.i.embedder.EclipseLogger - The POM for org.testng:testng:jar:5.14.5 is invalid, transitive dependencies (if any) will not be available, enable debug logging for more details
2018-09-03 15:28:00,812 [Worker-7] WARN  o.e.m.c.i.embedder.EclipseLogger - The POM for com.beust:jcommander:jar:1.66 is missing, no dependency information available
2018-09-03 15:28:04,478 [Worker-7] WARN  o.e.m.c.i.embedder.EclipseLogger - Using platform encoding (Cp1252 actually) to copy filtered resources, i.e. build is platform dependent!
2018-09-03 15:28:04,478 [Worker-7] INFO  o.e.m.c.i.embedder.EclipseLogger - Copying 0 resource
2018-09-03 15:28:04,494 [Worker-7] WARN  o.e.m.c.i.embedder.EclipseLogger - Using platform encoding (Cp1252 actually) to copy filtered resources, i.e. build is platform dependent!
2018-09-03 15:28:04,494 [Worker-7] INFO  o.e.m.c.i.embedder.EclipseLogger - Copying 1 resource
2018-09-03 15:28:06,132 [Worker-16] INFO  o.e.m.c.i.l.LifecycleMappingFactory - Using org.eclipse.m2e.jdt.JarLifecycleMapping lifecycle mapping for MavenProject: com.w2a:DataDrivenFramework:0.0.1-SNAPSHOT @ D:\DataDrivenFramework\pom.xml.
2018-09-03 15:28:06,428 [Worker-16] WARN  o.e.m.c.i.embedder.EclipseLogger - The POM for org.testng:testng:jar:5.14.3 is invalid, transitive dependencies (if any) will not be available, enable debug logging for more details
2018-09-03 15:28:06,444 [Worker-16] WARN  o.e.m.c.i.embedder.EclipseLogger - The POM for org.testng:testng:jar:5.14.4 is invalid, transitive dependencies (if any) will not be available, enable debug logging for more details
2018-09-03 15:28:06,459 [Worker-16] WARN  o.e.m.c.i.embedder.EclipseLogger - The POM for org.testng:testng:jar:5.14.5 is invalid, transitive dependencies (if any) will not be available, enable debug logging for more details
2018-09-03 15:28:06,647 [Worker-16] WARN  o.e.m.c.i.embedder.EclipseLogger - The POM for com.beust:jcommander:jar:1.66 is missing, no dependency information available
2018-09-03 15:28:09,221 [Worker-7] WARN  o.e.m.c.i.embedder.EclipseLogger - The POM for org.testng:testng:jar:5.14.3 is invalid, transitive dependencies (if any) will not be available, enable debug logging for more details
2018-09-03 15:28:09,221 [Worker-7] WARN  o.e.m.c.i.embedder.EclipseLogger - The POM for org.testng:testng:jar:5.14.4 is invalid, transitive dependencies (if any) will not be available, enable debug logging for more details
2018-09-03 15:28:09,236 [Worker-7] WARN  o.e.m.c.i.embedder.EclipseLogger - The POM for org.testng:testng:jar:5.14.5 is invalid, transitive dependencies (if any) will not be available, enable debug logging for more details
2018-09-03 15:28:09,423 [Worker-7] WARN  o.e.m.c.i.embedder.EclipseLogger - The POM for com.beust:jcommander:jar:1.66 is missing, no dependency information available
2018-09-03 15:28:09,751 [Worker-7] WARN  o.e.m.c.i.embedder.EclipseLogger - Using platform encoding (Cp1252 actually) to copy filtered resources, i.e. build is platform dependent!
2018-09-03 15:28:09,751 [Worker-7] INFO  o.e.m.c.i.embedder.EclipseLogger - Copying 0 resource
2018-09-03 15:28:09,767 [Worker-7] WARN  o.e.m.c.i.embedder.EclipseLogger - Using platform encoding (Cp1252 actually) to copy filtered resources, i.e. build is platform dependent!
2018-09-03 15:28:09,767 [Worker-7] INFO  o.e.m.c.i.embedder.EclipseLogger - Copying 0 resource
2018-09-03 15:29:05,725 [main] INFO  o.e.m2e.actions.ExecutePomAction - Creating new launch configuration
2018-09-03 15:29:47,885 [Worker-17] INFO  o.e.m.i.launch.MavenLaunchDelegate - D:\DataDrivenFramework
2018-09-03 15:29:47,885 [Worker-17] INFO  o.e.m.i.launch.MavenLaunchDelegate -  mvn -Paa -B aa
2018-09-03 15:30:06,376 [main] INFO  o.e.m2e.actions.ExecutePomAction - Using existing launch configuration
2018-09-03 15:30:06,501 [Worker-13] INFO  o.e.m.i.launch.MavenLaunchDelegate - D:\DataDrivenFramework
2018-09-03 15:30:06,501 [Worker-13] INFO  o.e.m.i.launch.MavenLaunchDelegate -  mvn -Paa -B aa
2018-09-03 15:30:18,143 [Worker-12] INFO  o.e.m.i.launch.MavenLaunchDelegate - D:\DataDrivenFramework
2018-09-03 15:30:18,143 [Worker-12] INFO  o.e.m.i.launch.MavenLaunchDelegate -  mvn -B 
2018-09-03 15:31:35,969 [Worker-16] INFO  o.e.m.i.launch.MavenLaunchDelegate - D:\DataDrivenFramework
2018-09-03 15:31:35,985 [Worker-16] INFO  o.e.m.i.launch.MavenLaunchDelegate -  mvn -B package
2018-09-03 15:34:55,416 [Worker-24] INFO  o.e.m.c.i.l.LifecycleMappingFactory - Using org.eclipse.m2e.jdt.JarLifecycleMapping lifecycle mapping for MavenProject: com.w2a:PageObjectModelBasics:0.0.1-SNAPSHOT @ D:\PageObjectModelBasics\pom.xml.
2018-09-03 15:34:55,416 [Worker-8] INFO  o.e.m.c.i.l.LifecycleMappingFactory - Using org.eclipse.m2e.jdt.JarLifecycleMapping lifecycle mapping for MavenProject: com.w2a:PageObjectModelBasics:0.0.1-SNAPSHOT @ D:\PageObjectModelBasics\pom.xml.
2018-09-03 15:34:55,775 [Worker-24] WARN  o.e.m.c.i.embedder.EclipseLogger - The POM for org.testng:testng:jar:5.14.3 is invalid, transitive dependencies (if any) will not be available, enable debug logging for more details
2018-09-03 15:34:55,775 [Worker-8] WARN  o.e.m.c.i.embedder.EclipseLogger - The POM for org.testng:testng:jar:5.14.3 is invalid, transitive dependencies (if any) will not be available, enable debug logging for more details
2018-09-03 15:34:55,791 [Worker-24] WARN  o.e.m.c.i.embedder.EclipseLogger - The POM for org.testng:testng:jar:5.14.4 is invalid, transitive dependencies (if any) will not be available, enable debug logging for more details
2018-09-03 15:34:55,791 [Worker-8] WARN  o.e.m.c.i.embedder.EclipseLogger - The POM for org.testng:testng:jar:5.14.4 is invalid, transitive dependencies (if any) will not be available, enable debug logging for more details
2018-09-03 15:34:55,792 [Worker-24] WARN  o.e.m.c.i.embedder.EclipseLogger - The POM for org.testng:testng:jar:5.14.5 is invalid, transitive dependencies (if any) will not be available, enable debug logging for more details
2018-09-03 15:34:55,792 [Worker-8] WARN  o.e.m.c.i.embedder.EclipseLogger - The POM for org.testng:testng:jar:5.14.5 is invalid, transitive dependencies (if any) will not be available, enable debug logging for more details
2018-09-03 15:34:57,436 [Worker-24] WARN  o.e.m.c.i.embedder.EclipseLogger - Using platform encoding (Cp1252 actually) to copy filtered resources, i.e. build is platform dependent!
2018-09-03 15:34:57,451 [Worker-24] INFO  o.e.m.c.i.embedder.EclipseLogger - Copying 0 resource
2018-09-03 15:34:57,451 [Worker-24] WARN  o.e.m.c.i.embedder.EclipseLogger - Using platform encoding (Cp1252 actually) to copy filtered resources, i.e. build is platform dependent!
2018-09-03 15:34:57,451 [Worker-24] INFO  o.e.m.c.i.embedder.EclipseLogger - Copying 1 resource
2018-09-03 15:34:59,645 [Worker-25] INFO  o.e.m.c.i.l.LifecycleMappingFactory - Using org.eclipse.m2e.jdt.JarLifecycleMapping lifecycle mapping for MavenProject: com.w2a:PageObjectModelBasics:0.0.1-SNAPSHOT @ D:\PageObjectModelBasics\pom.xml.
2018-09-03 15:34:59,910 [Worker-25] WARN  o.e.m.c.i.embedder.EclipseLogger - The POM for org.testng:testng:jar:5.14.3 is invalid, transitive dependencies (if any) will not be available, enable debug logging for more details
2018-09-03 15:34:59,910 [Worker-25] WARN  o.e.m.c.i.embedder.EclipseLogger - The POM for org.testng:testng:jar:5.14.4 is invalid, transitive dependencies (if any) will not be available, enable debug logging for more details
2018-09-03 15:34:59,926 [Worker-25] WARN  o.e.m.c.i.embedder.EclipseLogger - The POM for org.testng:testng:jar:5.14.5 is invalid, transitive dependencies (if any) will not be available, enable debug logging for more details
2018-09-03 15:35:01,520 [Worker-25] WARN  o.e.m.c.i.embedder.EclipseLogger - The POM for org.testng:testng:jar:5.14.3 is invalid, transitive dependencies (if any) will not be available, enable debug logging for more details
2018-09-03 15:35:01,536 [Worker-25] WARN  o.e.m.c.i.embedder.EclipseLogger - The POM for org.testng:testng:jar:5.14.4 is invalid, transitive dependencies (if any) will not be available, enable debug logging for more details
2018-09-03 15:35:01,536 [Worker-25] WARN  o.e.m.c.i.embedder.EclipseLogger - The POM for org.testng:testng:jar:5.14.5 is invalid, transitive dependencies (if any) will not be available, enable debug logging for more details
2018-09-03 15:35:01,911 [Worker-25] WARN  o.e.m.c.i.embedder.EclipseLogger - Using platform encoding (Cp1252 actually) to copy filtered resources, i.e. build is platform dependent!
2018-09-03 15:35:01,911 [Worker-25] INFO  o.e.m.c.i.embedder.EclipseLogger - Copying 0 resource
2018-09-03 15:35:01,911 [Worker-25] WARN  o.e.m.c.i.embedder.EclipseLogger - Using platform encoding (Cp1252 actually) to copy filtered resources, i.e. build is platform dependent!
2018-09-03 15:35:01,911 [Worker-25] INFO  o.e.m.c.i.embedder.EclipseLogger - Copying 0 resource
2018-09-03 15:35:09,163 [main] ERROR o.e.m2e.actions.ExecutePomAction - Skipping launch configuration DataDrivenFramework
org.eclipse.core.runtime.CoreException: Variable references non-existent resource : ${project_loc:DataDrivenFramework}
	at org.eclipse.debug.internal.core.variables.ResourceResolver.abort(ResourceResolver.java:112) ~[org.eclipse.debug.core_3.10.100.v20160419-1720.jar:na]
	at org.eclipse.debug.internal.core.variables.ResourceResolver.resolveValue(ResourceResolver.java:58) ~[org.eclipse.debug.core_3.10.100.v20160419-1720.jar:na]
	at org.eclipse.core.internal.variables.DynamicVariable.getValue(DynamicVariable.java:56) ~[org.eclipse.core.variables_3.3.0.v20160419-1720.jar:na]
	at org.eclipse.core.internal.variables.StringSubstitutionEngine.resolve(StringSubstitutionEngine.java:269) ~[org.eclipse.core.variables_3.3.0.v20160419-1720.jar:na]
	at org.eclipse.core.internal.variables.StringSubstitutionEngine.substitute(StringSubstitutionEngine.java:192) ~[org.eclipse.core.variables_3.3.0.v20160419-1720.jar:na]
	at org.eclipse.core.internal.variables.StringSubstitutionEngine.performStringSubstitution(StringSubstitutionEngine.java:87) ~[org.eclipse.core.variables_3.3.0.v20160419-1720.jar:na]
	at org.eclipse.core.internal.variables.StringVariableManager.performStringSubstitution(StringVariableManager.java:591) ~[org.eclipse.core.variables_3.3.0.v20160419-1720.jar:na]
	at org.eclipse.core.internal.variables.StringVariableManager.performStringSubstitution(StringVariableManager.java:357) ~[org.eclipse.core.variables_3.3.0.v20160419-1720.jar:na]
	at org.eclipse.m2e.internal.launch.LaunchingUtils.substituteVar(LaunchingUtils.java:28) ~[org.eclipse.m2e.launching_1.7.0.20160603-1933.jar:na]
	at org.eclipse.m2e.actions.ExecutePomAction.getLaunchConfiguration(ExecutePomAction.java:289) [org.eclipse.m2e.launching_1.7.0.20160603-1933.jar:na]
	at org.eclipse.m2e.actions.ExecutePomAction.launch(ExecutePomAction.java:138) [org.eclipse.m2e.launching_1.7.0.20160603-1933.jar:na]
	at org.eclipse.m2e.actions.ExecutePomAction.launch(ExecutePomAction.java:127) [org.eclipse.m2e.launching_1.7.0.20160603-1933.jar:na]
	at org.eclipse.debug.internal.ui.launchConfigurations.LaunchShortcutExtension.launch(LaunchShortcutExtension.java:431) [org.eclipse.debug.ui_3.11.202.v20161114-0338.jar:na]
	at org.eclipse.debug.internal.ui.actions.LaunchShortcutAction.runInternal(LaunchShortcutAction.java:85) [org.eclipse.debug.ui_3.11.202.v20161114-0338.jar:na]
	at org.eclipse.debug.internal.ui.actions.LaunchShortcutAction.runWithEvent(LaunchShortcutAction.java:135) [org.eclipse.debug.ui_3.11.202.v20161114-0338.jar:na]
	at org.eclipse.jface.action.ActionContributionItem.handleWidgetSelection(ActionContributionItem.java:565) [org.eclipse.jface_3.12.2.v20170113-2113.jar:na]
	at org.eclipse.jface.action.ActionContributionItem.lambda$4(ActionContributionItem.java:397) [org.eclipse.jface_3.12.2.v20170113-2113.jar:na]
	at org.eclipse.swt.widgets.EventTable.sendEvent(EventTable.java:84) ~[org.eclipse.swt.win32.win32.x86_64_3.105.3.v20170228-0512.jar:na]
	at org.eclipse.swt.widgets.Display.sendEvent(Display.java:4418) ~[org.eclipse.swt.win32.win32.x86_64_3.105.3.v20170228-0512.jar:na]
	at org.eclipse.swt.widgets.Widget.sendEvent(Widget.java:1079) ~[org.eclipse.swt.win32.win32.x86_64_3.105.3.v20170228-0512.jar:na]
	at org.eclipse.swt.widgets.Widget.sendEvent(Widget.java:1103) ~[org.eclipse.swt.win32.win32.x86_64_3.105.3.v20170228-0512.jar:na]
	at org.eclipse.swt.widgets.Widget.sendEvent(Widget.java:1088) ~[org.eclipse.swt.win32.win32.x86_64_3.105.3.v20170228-0512.jar:na]
	at org.eclipse.swt.widgets.Widget.notifyListeners(Widget.java:802) ~[org.eclipse.swt.win32.win32.x86_64_3.105.3.v20170228-0512.jar:na]
	at org.eclipse.jface.action.ActionContributionItem.lambda$8(ActionContributionItem.java:1258) [org.eclipse.jface_3.12.2.v20170113-2113.jar:na]
	at org.eclipse.swt.widgets.EventTable.sendEvent(EventTable.java:84) ~[org.eclipse.swt.win32.win32.x86_64_3.105.3.v20170228-0512.jar:na]
	at org.eclipse.swt.widgets.Display.sendEvent(Display.java:4418) ~[org.eclipse.swt.win32.win32.x86_64_3.105.3.v20170228-0512.jar:na]
	at org.eclipse.swt.widgets.Widget.sendEvent(Widget.java:1079) ~[org.eclipse.swt.win32.win32.x86_64_3.105.3.v20170228-0512.jar:na]
	at org.eclipse.swt.widgets.Display.runDeferredEvents(Display.java:4236) ~[org.eclipse.swt.win32.win32.x86_64_3.105.3.v20170228-0512.jar:na]
	at org.eclipse.swt.widgets.Display.readAndDispatch(Display.java:3824) ~[org.eclipse.swt.win32.win32.x86_64_3.105.3.v20170228-0512.jar:na]
	at org.eclipse.e4.ui.internal.workbench.swt.PartRenderingEngine$4.run(PartRenderingEngine.java:1121) ~[na:na]
	at org.eclipse.core.databinding.observable.Realm.runWithDefault(Realm.java:336) ~[na:na]
	at org.eclipse.e4.ui.internal.workbench.swt.PartRenderingEngine.run(PartRenderingEngine.java:1022) ~[na:na]
	at org.eclipse.e4.ui.internal.workbench.E4Workbench.createAndRunUI(E4Workbench.java:150) ~[na:na]
	at org.eclipse.ui.internal.Workbench$5.run(Workbench.java:693) ~[na:na]
	at org.eclipse.core.databinding.observable.Realm.runWithDefault(Realm.java:336) ~[na:na]
	at org.eclipse.ui.internal.Workbench.createAndRunWorkbench(Workbench.java:610) ~[na:na]
	at org.eclipse.ui.PlatformUI.createAndRunWorkbench(PlatformUI.java:148) ~[na:na]
	at org.eclipse.ui.internal.ide.application.IDEApplication.start(IDEApplication.java:138) ~[na:na]
	at org.eclipse.equinox.internal.app.EclipseAppHandle.run(EclipseAppHandle.java:196) ~[org.eclipse.equinox.app_1.3.400.v20150715-1528.jar:na]
	at org.eclipse.core.runtime.internal.adaptor.EclipseAppLauncher.runApplication(EclipseAppLauncher.java:134) ~[org.eclipse.osgi_3.11.3.v20170209-1843.jar:na]
	at org.eclipse.core.runtime.internal.adaptor.EclipseAppLauncher.start(EclipseAppLauncher.java:104) ~[org.eclipse.osgi_3.11.3.v20170209-1843.jar:na]
	at org.eclipse.core.runtime.adaptor.EclipseStarter.run(EclipseStarter.java:388) ~[org.eclipse.osgi_3.11.3.v20170209-1843.jar:na]
	at org.eclipse.core.runtime.adaptor.EclipseStarter.run(EclipseStarter.java:243) ~[org.eclipse.osgi_3.11.3.v20170209-1843.jar:na]
	at sun.reflect.NativeMethodAccessorImpl.invoke0(Native Method) ~[na:1.8.0_65]
	at sun.reflect.NativeMethodAccessorImpl.invoke(Unknown Source) ~[na:1.8.0_65]
	at sun.reflect.DelegatingMethodAccessorImpl.invoke(Unknown Source) ~[na:1.8.0_65]
	at java.lang.reflect.Method.invoke(Unknown Source) ~[na:1.8.0_65]
	at org.eclipse.equinox.launcher.Main.invokeFramework(Main.java:673) ~[org.eclipse.equinox.launcher_1.3.201.v20161025-1711.jar:na]
	at org.eclipse.equinox.launcher.Main.basicRun(Main.java:610) ~[org.eclipse.equinox.launcher_1.3.201.v20161025-1711.jar:na]
	at org.eclipse.equinox.launcher.Main.run(Main.java:1519) ~[org.eclipse.equinox.launcher_1.3.201.v20161025-1711.jar:na]
2018-09-03 15:35:09,179 [main] INFO  o.e.m2e.actions.ExecutePomAction - Creating new launch configuration
